Using pre-set license
Built from '2020.3/release' branch; Version is '2020.3.1f1 (77a89f25062f) revision 7841951'; Using compiler version '192528614'; Build Type 'Release'
OS: 'Windows 10 Home; OS build 19042.867; Version 2009; 64bit' Language: 'ko' Physical Memory: 7865 MB
BatchMode: 1, IsHumanControllingUs: 0, StartBugReporterOnCrash: 0, Is64bit: 1, IsPro: 0

 COMMAND LINE ARGUMENTS:
C:\Program Files\unity editor file\2020.3.1f1\Editor\Unity.exe
-adb2
-batchMode
-noUpm
-name
AssetImportWorker0
-projectPath
C:/Users/유지훈/New Unity Project (3)
-logFile
Logs/AssetImportWorker0.log
-srvPort
57443
Successfully changed project path to: C:/Users/유지훈/New Unity Project (3)
C:/Users/유지훈/New Unity Project (3)
Using Asset Import Pipeline V2.
Refreshing native plugins compatible for Editor in 15.64 ms, found 0 plugins.
Preloading 0 native plugins for Editor in 0.00 ms.
Initialize engine version: 2020.3.1f1 (77a89f25062f)
[Subsystems] Discovering subsystems at path C:/Program Files/unity editor file/2020.3.1f1/Editor/Data/Resources/UnitySubsystems
[Subsystems] Discovering subsystems at path C:/Users/유지훈/New Unity Project (3)/Assets
GfxDevice: creating device client; threaded=0
Direct3D:
    Version:  Direct3D 11.0 [level 11.1]
    Renderer: NVIDIA GeForce MX450 (ID=0x1f97)
    Vendor:   
    VRAM:     1928 MB
    Driver:   27.21.14.5256
Initialize mono
Mono path[0] = 'C:/Program Files/unity editor file/2020.3.1f1/Editor/Data/Managed'
Mono path[1] = 'C:/Program Files/unity editor file/2020.3.1f1/Editor/Data/MonoBleedingEdge/lib/mono/unityjit'
Mono config path = 'C:/Program Files/unity editor file/2020.3.1f1/Editor/Data/MonoBleedingEdge/etc'
Using monoOptions --debugger-agent=transport=dt_socket,embedding=1,server=y,suspend=n,address=127.0.0.1:56836
Begin MonoManager ReloadAssembly
Registering precompiled unity dll's ...
Register platform support module: C:/Program Files/unity editor file/2020.3.1f1/Editor/Data/PlaybackEngines/WindowsStandaloneSupport/UnityEditor.WindowsStandalone.Extensions.dll
Registered in 0.001228 seconds.
Native extension for WindowsStandalone target not found
Refreshing native plugins compatible for Editor in 17.29 ms, found 0 plugins.
Preloading 0 native plugins for Editor in 0.00 ms.
Invoked RoslynAnalysisRunner static constructor.
RoslynAnalysisRunner will not be running.
RoslynAnalysisRunner has terminated.
Mono: successfully reloaded assembly
- Completed reload, in  0.746 seconds
Platform modules already initialized, skipping
Registering precompiled user dll's ...
Registered in 0.000485 seconds.
Begin MonoManager ReloadAssembly
Native extension for WindowsStandalone target not found
Refreshing native plugins compatible for Editor in 0.17 ms, found 0 plugins.
Preloading 0 native plugins for Editor in 0.00 ms.
Invoked RoslynAnalysisRunner static constructor.
RoslynAnalysisRunner will not be running.
RoslynAnalysisRunner has terminated.
Mono: successfully reloaded assembly
- Completed reload, in  0.550 seconds
Platform modules already initialized, skipping
========================================================================
Worker process is ready to serve import requests
Launched and connected shader compiler UnityShaderCompiler.exe after 0.03 seconds
Refreshing native plugins compatible for Editor in 0.32 ms, found 0 plugins.
Preloading 0 native plugins for Editor in 0.00 ms.
Unloading 1113 Unused Serialized files (Serialized files now loaded: 0)
System memory in use before: 56.9 MB.
System memory in use after: 57.0 MB.

Unloading 10 unused Assets to reduce memory usage. Loaded Objects now: 1555.
Total: 1.653900 ms (FindLiveObjects: 0.141700 ms CreateObjectMapping: 0.030200 ms MarkObjects: 1.391600 ms  DeleteObjects: 0.088900 ms)

========================================================================
Received Import Request.
  path: Assets
  artifactKey: Guid(00000000000000001000000000000000) Importer(815301076,1909f56bfc062723c751e8b465ee728b)
Start importing Assets using Guid(00000000000000001000000000000000) Importer(815301076,1909f56bfc062723c751e8b465ee728b)  -> (artifact id: 'a6374019befeac6ce670f13ba9960efb') in 0.007780 seconds
  Import took 0.009472 seconds .

========================================================================
Received Import Request.
  Time since last request: 2.500484 seconds.
  path: Assets
  artifactKey: Guid(00000000000000001000000000000000) Importer(815301076,1909f56bfc062723c751e8b465ee728b)
Start importing Assets using Guid(00000000000000001000000000000000) Importer(815301076,1909f56bfc062723c751e8b465ee728b)  -> (artifact id: 'a6374019befeac6ce670f13ba9960efb') in 0.005576 seconds
  Import took 0.018728 seconds .

========================================================================
Received Import Request.
  Time since last request: 15.268857 seconds.
  path: Assets/New Folder
  artifactKey: Guid(7184d687f6898c74099ac65c2e5521f6) Importer(815301076,1909f56bfc062723c751e8b465ee728b)
Start importing Assets/New Folder using Guid(7184d687f6898c74099ac65c2e5521f6) Importer(815301076,1909f56bfc062723c751e8b465ee728b)  -> (artifact id: '079d7b97fd7da7370cf01caf4c24ee3b') in 0.008692 seconds
  Import took 0.010511 seconds .

========================================================================
Received Import Request.
  Time since last request: 6.515488 seconds.
  path: Assets/Materials
  artifactKey: Guid(7184d687f6898c74099ac65c2e5521f6) Importer(815301076,1909f56bfc062723c751e8b465ee728b)
Start importing Assets/Materials using Guid(7184d687f6898c74099ac65c2e5521f6) Importer(815301076,1909f56bfc062723c751e8b465ee728b)  -> (artifact id: 'bd6a80c25bf6210b543fca31fac1aaa4') in 0.008342 seconds
  Import took 0.010388 seconds .

========================================================================
Received Import Request.
  Time since last request: 35.313614 seconds.
  path: Assets/Materials/Wall.mat
  artifactKey: Guid(b347d0470bd99aa45b8665bf2e28f301) Importer(815301076,1909f56bfc062723c751e8b465ee728b)
Start importing Assets/Materials/Wall.mat using Guid(b347d0470bd99aa45b8665bf2e28f301) Importer(815301076,1909f56bfc062723c751e8b465ee728b)  -> (artifact id: '7b174a160db91c097e8bba9db92c429e') in 0.087761 seconds
  Import took 0.089828 seconds .

========================================================================
Received Import Request.
  Time since last request: 1287.830967 seconds.
  path: Assets/Materials/Player.mat
  artifactKey: Guid(0561421f08143674eb544a65cce8353a) Importer(815301076,1909f56bfc062723c751e8b465ee728b)
Start importing Assets/Materials/Player.mat using Guid(0561421f08143674eb544a65cce8353a) Importer(815301076,1909f56bfc062723c751e8b465ee728b)  -> (artifact id: '993ff13329ba9361db052cd07e170273') in 0.016124 seconds
  Import took 0.018700 seconds .

========================================================================
Received Import Request.
  Time since last request: 171.153057 seconds.
  path: Assets/Scripts
  artifactKey: Guid(af7537c04c09224489e4b04e504cbc43) Importer(815301076,1909f56bfc062723c751e8b465ee728b)
Start importing Assets/Scripts using Guid(af7537c04c09224489e4b04e504cbc43) Importer(815301076,1909f56bfc062723c751e8b465ee728b)  -> (artifact id: '8fe4de9e777fd4d115e914fee3a91011') in 0.010201 seconds
  Import took 0.012828 seconds .

========================================================================
Received Import Request.
  Time since last request: 1.571365 seconds.
  path: Assets/Scenes
  artifactKey: Guid(f48d654d8df19cd4595a75cd05daba12) Importer(815301076,1909f56bfc062723c751e8b465ee728b)
Start importing Assets/Scenes using Guid(f48d654d8df19cd4595a75cd05daba12) Importer(815301076,1909f56bfc062723c751e8b465ee728b)  -> (artifact id: '0b0c9e2a506f0c90b0b5c9162a9399d2') in 0.007633 seconds
  Import took 0.019429 seconds .

========================================================================
Received Import Request.
  Time since last request: 3.465893 seconds.
  path: Assets/Scenes/SampleScene.unity
  artifactKey: Guid(9fc0d4010bbf28b4594072e72b8655ab) Importer(815301076,1909f56bfc062723c751e8b465ee728b)
Start importing Assets/Scenes/SampleScene.unity using Guid(9fc0d4010bbf28b4594072e72b8655ab) Importer(815301076,1909f56bfc062723c751e8b465ee728b)  -> (artifact id: '9a0c7bd3eade52b464e03a3fa19ccb01') in 0.008439 seconds
  Import took 0.010521 seconds .

========================================================================
Received Import Request.
  Time since last request: 26.915914 seconds.
  path: Assets/Scripts/Player.cs
  artifactKey: Guid(19c29504064a42245b5c37c1bcc6b0a2) Importer(815301076,1909f56bfc062723c751e8b465ee728b)
Start importing Assets/Scripts/Player.cs using Guid(19c29504064a42245b5c37c1bcc6b0a2) Importer(815301076,1909f56bfc062723c751e8b465ee728b)  -> (artifact id: '6ae60eb278cb5dbec1b7d90f6795f0a9') in 0.047181 seconds
  Import took 0.050067 seconds .

========================================================================
Received Prepare
Registering precompiled user dll's ...
Registered in 0.000392 seconds.
Begin MonoManager ReloadAssembly
Native extension for WindowsStandalone target not found
Refreshing native plugins compatible for Editor in 0.17 ms, found 0 plugins.
Preloading 0 native plugins for Editor in 0.00 ms.
Invoked RoslynAnalysisRunner static constructor.
RoslynAnalysisRunner will not be running.
RoslynAnalysisRunner has terminated.
Mono: successfully reloaded assembly
- Completed reload, in  0.515 seconds
Platform modules already initialized, skipping
Refreshing native plugins compatible for Editor in 0.21 ms, found 0 plugins.
Preloading 0 native plugins for Editor in 0.00 ms.
Unloading 1109 Unused Serialized files (Serialized files now loaded: 0)
System memory in use before: 60.2 MB.
System memory in use after: 60.3 MB.

Unloading 5 unused Assets to reduce memory usage. Loaded Objects now: 1599.
Total: 1.796400 ms (FindLiveObjects: 0.177400 ms CreateObjectMapping: 0.043300 ms MarkObjects: 1.517000 ms  DeleteObjects: 0.057100 ms)

AssetImportWorkerClient::OnTransportError - code=2 error=End of file
